[ 2023-05-25 20:15:13,170 ] 186 werkzeug - INFO - [31m[1mWARNING: This is a development server. Do not use it in a production deployment. Use a production WSGI server instead.[0m
 * Running on all addresses (0.0.0.0)
 * Running on http://127.0.0.1:5000
 * Running on http://192.168.1.40:5000
[ 2023-05-25 20:15:13,170 ] 186 werkzeug - INFO - [33mPress CTRL+C to quit[0m
[ 2023-05-25 20:15:13,173 ] 186 werkzeug - INFO -  * Restarting with stat
[ 2023-05-25 20:37:49,704 ] 186 werkzeug - INFO -  * Restarting with stat
[ 2023-05-25 20:45:01,497 ] 186 werkzeug - INFO -  * Restarting with stat
[ 2023-05-25 20:45:04,747 ] 186 werkzeug - INFO -  * Restarting with stat
[ 2023-05-25 20:45:20,104 ] 186 werkzeug - INFO -  * Restarting with stat
[ 2023-05-25 20:45:24,398 ] 186 werkzeug - INFO -  * Restarting with stat
[ 2023-05-25 20:45:27,565 ] 186 werkzeug - INFO -  * Restarting with stat
[ 2023-05-25 20:45:29,805 ] 186 werkzeug - INFO -  * Restarting with stat
[ 2023-05-25 20:45:49,535 ] 186 werkzeug - INFO -  * Restarting with stat
[ 2023-05-25 20:45:52,764 ] 186 werkzeug - INFO -  * Restarting with stat
[ 2023-05-25 20:45:55,071 ] 186 werkzeug - INFO -  * Restarting with stat
[ 2023-05-25 20:45:58,267 ] 186 werkzeug - INFO -  * Restarting with stat
[ 2023-05-25 20:46:01,486 ] 186 werkzeug - INFO -  * Restarting with stat
[ 2023-05-25 20:46:03,702 ] 186 werkzeug - INFO -  * Restarting with stat
[ 2023-05-25 20:46:05,974 ] 186 werkzeug - INFO -  * Restarting with stat
[ 2023-05-25 20:46:08,211 ] 186 werkzeug - INFO -  * Restarting with stat
[ 2023-05-25 20:46:10,618 ] 186 werkzeug - INFO -  * Restarting with stat
[ 2023-05-25 20:46:13,799 ] 186 werkzeug - INFO -  * Restarting with stat
[ 2023-05-25 20:46:16,974 ] 186 werkzeug - INFO -  * Restarting with stat
[ 2023-05-25 20:46:19,220 ] 186 werkzeug - INFO -  * Restarting with stat
[ 2023-05-25 20:46:21,375 ] 186 werkzeug - INFO -  * Restarting with stat
[ 2023-05-25 20:46:33,724 ] 186 werkzeug - INFO -  * Restarting with stat
[ 2023-05-25 20:46:40,971 ] 186 werkzeug - INFO -  * Restarting with stat
[ 2023-05-25 20:47:05,424 ] 186 werkzeug - INFO -  * Restarting with stat
[ 2023-05-25 20:47:17,797 ] 186 werkzeug - INFO -  * Restarting with stat
[ 2023-05-25 20:47:20,199 ] 186 werkzeug - INFO -  * Restarting with stat
[ 2023-05-25 20:47:36,571 ] 186 werkzeug - INFO -  * Restarting with stat
[ 2023-05-25 20:47:41,756 ] 186 werkzeug - INFO -  * Restarting with stat
[ 2023-05-25 20:47:49,176 ] 186 werkzeug - INFO -  * Restarting with stat
[ 2023-05-25 20:47:54,406 ] 186 werkzeug - INFO -  * Restarting with stat
[ 2023-05-25 20:47:58,931 ] 186 werkzeug - INFO -  * Restarting with stat
[ 2023-05-25 20:48:01,192 ] 186 werkzeug - INFO -  * Restarting with stat
[ 2023-05-25 20:48:04,522 ] 186 werkzeug - INFO -  * Restarting with stat
[ 2023-05-25 20:48:06,699 ] 186 werkzeug - INFO -  * Restarting with stat
[ 2023-05-25 20:48:12,420 ] 186 werkzeug - INFO -  * Restarting with stat
[ 2023-05-25 20:48:19,647 ] 186 werkzeug - INFO -  * Restarting with stat
[ 2023-05-25 20:48:29,978 ] 186 werkzeug - INFO -  * Restarting with stat
[ 2023-05-25 20:48:33,146 ] 186 werkzeug - INFO -  * Restarting with stat
[ 2023-05-25 20:49:43,136 ] 186 werkzeug - INFO -  * Restarting with stat
[ 2023-05-25 20:49:47,427 ] 186 werkzeug - INFO -  * Restarting with stat
[ 2023-05-25 20:49:53,628 ] 186 werkzeug - INFO -  * Restarting with stat
[ 2023-05-25 20:49:56,812 ] 186 werkzeug - INFO -  * Restarting with stat
[ 2023-05-25 20:50:05,162 ] 186 werkzeug - INFO -  * Restarting with stat
[ 2023-05-25 20:50:14,428 ] 186 werkzeug - INFO -  * Restarting with stat
[ 2023-05-25 20:50:22,804 ] 186 werkzeug - INFO -  * Restarting with stat
[ 2023-05-25 20:50:33,068 ] 186 werkzeug - INFO -  * Restarting with stat
[ 2023-05-25 20:50:35,402 ] 186 werkzeug - INFO -  * Restarting with stat
[ 2023-05-25 20:50:41,643 ] 186 werkzeug - INFO -  * Restarting with stat
[ 2023-05-25 20:50:43,967 ] 186 werkzeug - INFO -  * Restarting with stat
[ 2023-05-25 20:50:54,221 ] 186 werkzeug - INFO -  * Restarting with stat
[ 2023-05-25 20:50:59,429 ] 186 werkzeug - INFO -  * Restarting with stat
[ 2023-05-25 20:51:04,636 ] 186 werkzeug - INFO -  * Restarting with stat
[ 2023-05-25 20:51:09,868 ] 186 werkzeug - INFO -  * Restarting with stat
[ 2023-05-25 20:51:13,235 ] 186 werkzeug - INFO -  * Restarting with stat
[ 2023-05-25 20:51:28,651 ] 186 werkzeug - INFO -  * Restarting with stat
[ 2023-05-25 20:51:31,092 ] 186 werkzeug - INFO -  * Restarting with stat
[ 2023-05-25 20:52:08,730 ] 186 werkzeug - INFO -  * Restarting with stat
[ 2023-05-25 20:52:11,024 ] 186 werkzeug - INFO -  * Restarting with stat
[ 2023-05-25 20:52:13,277 ] 186 werkzeug - INFO -  * Restarting with stat
[ 2023-05-25 20:52:15,644 ] 186 werkzeug - INFO -  * Restarting with stat
[ 2023-05-25 20:52:29,056 ] 186 werkzeug - INFO -  * Restarting with stat
[ 2023-05-25 20:52:49,559 ] 186 werkzeug - INFO -  * Restarting with stat
[ 2023-05-25 20:52:53,890 ] 186 werkzeug - INFO -  * Restarting with stat
[ 2023-05-25 20:53:07,580 ] 186 werkzeug - INFO -  * Restarting with stat
[ 2023-05-25 20:53:09,880 ] 186 werkzeug - INFO -  * Restarting with stat
[ 2023-05-25 20:53:21,269 ] 186 werkzeug - INFO -  * Restarting with stat
[ 2023-05-25 20:53:26,516 ] 186 werkzeug - INFO -  * Restarting with stat
[ 2023-05-25 20:53:36,100 ] 186 werkzeug - INFO -  * Restarting with stat
[ 2023-05-25 20:53:49,508 ] 186 werkzeug - INFO -  * Restarting with stat
[ 2023-05-25 20:54:35,259 ] 186 werkzeug - INFO -  * Restarting with stat
[ 2023-05-25 20:54:40,740 ] 186 werkzeug - INFO -  * Restarting with stat
[ 2023-05-25 20:54:47,110 ] 186 werkzeug - INFO -  * Restarting with stat
[ 2023-05-25 20:55:02,471 ] 186 werkzeug - INFO -  * Restarting with stat
[ 2023-05-25 20:55:08,720 ] 186 werkzeug - INFO -  * Restarting with stat
[ 2023-05-25 20:55:15,044 ] 186 werkzeug - INFO -  * Restarting with stat
[ 2023-05-25 20:55:22,330 ] 186 werkzeug - INFO -  * Restarting with stat
[ 2023-05-25 21:08:21,953 ] 186 werkzeug - INFO -  * Restarting with stat
[ 2023-05-25 21:08:30,236 ] 186 werkzeug - INFO -  * Restarting with stat
[ 2023-05-25 21:08:36,432 ] 186 werkzeug - INFO -  * Restarting with stat
[ 2023-05-25 21:08:41,714 ] 186 werkzeug - INFO -  * Restarting with stat
